Adam phase: 30000 iters | laaf=False rar=False lambda_c=1.0
  it      0  loss=9.648e+00  pde=2.471e-02  bc=7.603e-01  c=1.803e-02  p=3.168e-03  t=3.4s
  it    500  loss=3.708e+00  pde=2.999e-01  bc=2.764e-01  c=2.590e-01  p=1.032e-05  t=39.4s
  it   1000  loss=1.699e+00  pde=3.117e-01  bc=1.391e-01  c=1.449e-01  p=6.919e-08  t=80.6s
  it   1500  loss=1.345e+00  pde=2.843e-01  bc=1.050e-01  c=1.332e-01  p=1.118e-06  t=122.8s
  it   2000  loss=1.137e+00  pde=2.148e-01  bc=9.204e-02  c=9.468e-02  p=3.326e-06  t=166.1s
  it   2500  loss=1.255e+00  pde=2.290e-01  bc=8.455e-02  c=8.943e-02  p=3.570e-06  t=207.0s
  it   3000  loss=8.328e-01  pde=1.842e-01  bc=6.475e-02  c=1.090e-01  p=9.337e-06  t=250.3s
  it   3500  loss=1.079e+00  pde=2.796e-01  bc=7.979e-02  c=2.253e-01  p=6.225e-06  t=293.3s
  it   4000  loss=1.118e+00  pde=2.815e-01  bc=8.357e-02  c=1.525e-01  p=3.043e-07  t=336.1s
  it   4500  loss=3.753e+00  pde=1.244e-01  bc=2.778e-01  c=7.771e-02  p=3.950e-05  t=379.7s
  it   5000  loss=8.749e-01  pde=2.331e-01  bc=6.225e-02  c=1.326e-01  p=3.405e-06  t=423.9s
  it   5500  loss=8.423e-01  pde=1.360e-01  bc=7.898e-02  c=8.545e-02  p=7.712e-06  t=465.5s
  it   6000  loss=1.755e+00  pde=3.569e-01  bc=1.378e-01  c=2.493e-01  p=3.528e-04  t=507.6s
  it   6500  loss=9.294e-01  pde=1.784e-01  bc=7.505e-02  c=9.214e-02  p=5.855e-07  t=552.6s
  it   7000  loss=8.966e-01  pde=1.404e-01  bc=6.543e-02  c=7.269e-02  p=1.852e-05  t=592.0s
  it   7500  loss=6.798e-01  pde=1.169e-01  bc=5.476e-02  c=6.316e-02  p=7.993e-07  t=631.2s
  it   8000  loss=5.847e-01  pde=9.279e-02  bc=5.088e-02  c=4.697e-02  p=4.508e-06  t=670.6s
  it   8500  loss=8.832e-01  pde=1.200e-01  bc=6.790e-02  c=5.008e-02  p=2.320e-04  t=710.0s
  it   9000  loss=7.113e-01  pde=1.172e-01  bc=4.607e-02  c=6.535e-02  p=5.425e-05  t=747.5s
